May 01, 2018 3:31:23 PM org.apache.catalina.core.ApplicationContext log
INFO: SessionListener: contextDestroyed()
May 01, 2018 3:31:23 PM org.apache.catalina.core.ApplicationContext log
INFO: ContextListener: contextDestroyed()
May 01, 2018 3:33:18 PM org.apache.catalina.core.ApplicationContext log
INFO: No Spring WebApplicationInitializer types detected on classpath
May 01, 2018 3:33:18 PM org.apache.catalina.core.ApplicationContext log
INFO: Initializing Spring root WebApplicationContext
May 01, 2018 3:33:19 PM org.apache.catalina.core.StandardContext listenerStart
SEVERE: Exception sending context initialized event to listener instance of class org.springframework.web.context.ContextLoaderListener
org.springframework.beans.factory.CannotLoadBeanClassException: Error loading class [com.lly.front.Dao.CRUDByXmlMapper] for bean with name 'CRUDByXmlMapper' defined in file [/root/apache-tomcat-7.0.86/webapps/MakeYouListen/WEB-INF/classes/com/lly/front/Dao/CRUDByXmlMapper.class]: problem with class file or dependent class; nested exception is java.lang.UnsupportedClassVersionError: com/lly/front/Dao/CRUDByXmlMapper has been compiled by a more recent version of the Java Runtime (class file version 53.0), this version of the Java Runtime only recognizes class file versions up to 52.0 (unable to load class com.lly.front.Dao.CRUDByXmlMapper)
	at org.springframework.beans.factory.support.AbstractBeanFactory.resolveBeanClass(AbstractBeanFactory.java:1380)
	at org.springframework.beans.factory.support.AbstractAutowireCapableBeanFactory.determineTargetType(AbstractAutowireCapableBeanFactory.java:640)
	at org.springframework.beans.factory.support.AbstractAutowireCapableBeanFactory.predictBeanType(AbstractAutowireCapableBeanFactory.java:608)
	at org.springframework.beans.factory.support.AbstractBeanFactory.isFactoryBean(AbstractBeanFactory.java:1476)
	at org.springframework.beans.factory.support.AbstractBeanFactory.isFactoryBean(AbstractBeanFactory.java:999)
	at org.springframework.beans.factory.support.DefaultListableBeanFactory.preInstantiateSingletons(DefaultListableBeanFactory.java:739)
	at org.springframework.context.support.AbstractApplicationContext.finishBeanFactoryInitialization(AbstractApplicationContext.java:866)
	at org.springframework.context.support.AbstractApplicationContext.refresh(AbstractApplicationContext.java:542)
	at org.springframework.web.context.ContextLoader.configureAndRefreshWebApplicationContext(ContextLoader.java:444)
	at org.springframework.web.context.ContextLoader.initWebApplicationContext(ContextLoader.java:326)
	at org.springframework.web.context.ContextLoaderListener.contextInitialized(ContextLoaderListener.java:107)
	at org.apache.catalina.core.StandardContext.listenerStart(StandardContext.java:5141)
	at org.apache.catalina.core.StandardContext.startInternal(StandardContext.java:5664)
	at org.apache.catalina.util.LifecycleBase.start(LifecycleBase.java:145)
	at org.apache.catalina.core.ContainerBase.addChildInternal(ContainerBase.java:1017)
	at org.apache.catalina.core.ContainerBase.addChild(ContainerBase.java:993)
	at org.apache.catalina.core.StandardHost.addChild(StandardHost.java:652)
	at org.apache.catalina.startup.HostConfig.deployWAR(HostConfig.java:1127)
	at org.apache.catalina.startup.HostConfig$DeployWar.run(HostConfig.java:2020)
	at java.util.concurrent.Executors$RunnableAdapter.call(Executors.java:511)
	at java.util.concurrent.FutureTask.run(FutureTask.java:266)
	at java.util.concurrent.ThreadPoolExecutor.runWorker(ThreadPoolExecutor.java:1149)
	at java.util.concurrent.ThreadPoolExecutor$Worker.run(ThreadPoolExecutor.java:624)
	at java.lang.Thread.run(Thread.java:748)
Caused by: java.lang.UnsupportedClassVersionError: com/lly/front/Dao/CRUDByXmlMapper has been compiled by a more recent version of the Java Runtime (class file version 53.0), this version of the Java Runtime only recognizes class file versions up to 52.0 (unable to load class com.lly.front.Dao.CRUDByXmlMapper)
	at org.apache.catalina.loader.WebappClassLoaderBase.findClassInternal(WebappClassLoaderBase.java:3226)
	at org.apache.catalina.loader.WebappClassLoaderBase.findClass(WebappClassLoaderBase.java:1409)
	at org.apache.catalina.loader.WebappClassLoaderBase.loadClass(WebappClassLoaderBase.java:1897)
	at org.apache.catalina.loader.WebappClassLoaderBase.loadClass(WebappClassLoaderBase.java:1771)
	at org.springframework.util.ClassUtils.forName(ClassUtils.java:250)
	at org.springframework.beans.factory.support.AbstractBeanDefinition.resolveBeanClass(AbstractBeanDefinition.java:394)
	at org.springframework.beans.factory.support.AbstractBeanFactory.doResolveBeanClass(AbstractBeanFactory.java:1424)
	at org.springframework.beans.factory.support.AbstractBeanFactory.resolveBeanClass(AbstractBeanFactory.java:1369)
	... 23 more

May 01, 2018 3:33:19 PM org.apache.catalina.core.ApplicationContext log
INFO: Closing Spring root WebApplicationContext
May 01, 2018 3:33:19 PM org.apache.catalina.core.ApplicationContext log
INFO: ContextListener: contextInitialized()
May 01, 2018 3:33:19 PM org.apache.catalina.core.ApplicationContext log
INFO: SessionListener: contextInitialized()
May 01, 2018 3:33:19 PM org.apache.catalina.core.ApplicationContext log
INFO: ContextListener: attributeAdded('StockTicker', 'async.Stockticker@626ceab2')
May 01, 2018 3:33:19 PM org.apache.catalina.core.ApplicationContext log
INFO: ContextListener: attributeAdded('org.apache.jasper.compiler.TldLocationsCache', 'org.apache.jasper.compiler.TldLocationsCache@c3062b1')
May 01, 2018 3:41:31 PM org.apache.catalina.core.ApplicationContext log
INFO: No Spring WebApplicationInitializer types detected on classpath
May 01, 2018 3:41:31 PM org.apache.catalina.core.ApplicationContext log
INFO: Initializing Spring root WebApplicationContext
May 01, 2018 3:41:32 PM org.apache.catalina.core.StandardContext listenerStart
SEVERE: Exception sending context initialized event to listener instance of class org.springframework.web.context.ContextLoaderListener
org.springframework.beans.factory.CannotLoadBeanClassException: Error loading class [com.lly.front.Dao.CRUDByXmlMapper] for bean with name 'CRUDByXmlMapper' defined in file [/root/apache-tomcat-7.0.86/webapps/MakeYouListen/WEB-INF/classes/com/lly/front/Dao/CRUDByXmlMapper.class]: problem with class file or dependent class; nested exception is java.lang.UnsupportedClassVersionError: com/lly/front/Dao/CRUDByXmlMapper has been compiled by a more recent version of the Java Runtime (class file version 53.0), this version of the Java Runtime only recognizes class file versions up to 52.0 (unable to load class com.lly.front.Dao.CRUDByXmlMapper)
	at org.springframework.beans.factory.support.AbstractBeanFactory.resolveBeanClass(AbstractBeanFactory.java:1380)
	at org.springframework.beans.factory.support.AbstractAutowireCapableBeanFactory.determineTargetType(AbstractAutowireCapableBeanFactory.java:640)
	at org.springframework.beans.factory.support.AbstractAutowireCapableBeanFactory.predictBeanType(AbstractAutowireCapableBeanFactory.java:608)
	at org.springframework.beans.factory.support.AbstractBeanFactory.isFactoryBean(AbstractBeanFactory.java:1476)
	at org.springframework.beans.factory.support.AbstractBeanFactory.isFactoryBean(AbstractBeanFactory.java:999)
	at org.springframework.beans.factory.support.DefaultListableBeanFactory.preInstantiateSingletons(DefaultListableBeanFactory.java:739)
	at org.springframework.context.support.AbstractApplicationContext.finishBeanFactoryInitialization(AbstractApplicationContext.java:866)
	at org.springframework.context.support.AbstractApplicationContext.refresh(AbstractApplicationContext.java:542)
	at org.springframework.web.context.ContextLoader.configureAndRefreshWebApplicationContext(ContextLoader.java:444)
	at org.springframework.web.context.ContextLoader.initWebApplicationContext(ContextLoader.java:326)
	at org.springframework.web.context.ContextLoaderListener.contextInitialized(ContextLoaderListener.java:107)
	at org.apache.catalina.core.StandardContext.listenerStart(StandardContext.java:5141)
	at org.apache.catalina.core.StandardContext.startInternal(StandardContext.java:5664)
	at org.apache.catalina.util.LifecycleBase.start(LifecycleBase.java:145)
	at org.apache.catalina.core.ContainerBase.addChildInternal(ContainerBase.java:1017)
	at org.apache.catalina.core.ContainerBase.addChild(ContainerBase.java:993)
	at org.apache.catalina.core.StandardHost.addChild(StandardHost.java:652)
	at org.apache.catalina.startup.HostConfig.deployWAR(HostConfig.java:1127)
	at org.apache.catalina.startup.HostConfig$DeployWar.run(HostConfig.java:2020)
	at java.util.concurrent.Executors$RunnableAdapter.call(Executors.java:511)
	at java.util.concurrent.FutureTask.run(FutureTask.java:266)
	at java.util.concurrent.ThreadPoolExecutor.runWorker(ThreadPoolExecutor.java:1149)
	at java.util.concurrent.ThreadPoolExecutor$Worker.run(ThreadPoolExecutor.java:624)
	at java.lang.Thread.run(Thread.java:748)
Caused by: java.lang.UnsupportedClassVersionError: com/lly/front/Dao/CRUDByXmlMapper has been compiled by a more recent version of the Java Runtime (class file version 53.0), this version of the Java Runtime only recognizes class file versions up to 52.0 (unable to load class com.lly.front.Dao.CRUDByXmlMapper)
	at org.apache.catalina.loader.WebappClassLoaderBase.findClassInternal(WebappClassLoaderBase.java:3226)
	at org.apache.catalina.loader.WebappClassLoaderBase.findClass(WebappClassLoaderBase.java:1409)
	at org.apache.catalina.loader.WebappClassLoaderBase.loadClass(WebappClassLoaderBase.java:1897)
	at org.apache.catalina.loader.WebappClassLoaderBase.loadClass(WebappClassLoaderBase.java:1771)
	at org.springframework.util.ClassUtils.forName(ClassUtils.java:250)
	at org.springframework.beans.factory.support.AbstractBeanDefinition.resolveBeanClass(AbstractBeanDefinition.java:394)
	at org.springframework.beans.factory.support.AbstractBeanFactory.doResolveBeanClass(AbstractBeanFactory.java:1424)
	at org.springframework.beans.factory.support.AbstractBeanFactory.resolveBeanClass(AbstractBeanFactory.java:1369)
	... 23 more

May 01, 2018 3:41:32 PM org.apache.catalina.core.ApplicationContext log
INFO: Closing Spring root WebApplicationContext
May 01, 2018 3:41:33 PM org.apache.catalina.core.ApplicationContext log
INFO: ContextListener: contextInitialized()
May 01, 2018 3:41:33 PM org.apache.catalina.core.ApplicationContext log
INFO: SessionListener: contextInitialized()
May 01, 2018 3:41:33 PM org.apache.catalina.core.ApplicationContext log
INFO: ContextListener: attributeAdded('StockTicker', 'async.Stockticker@5c895b54')
May 01, 2018 3:41:33 PM org.apache.catalina.core.ApplicationContext log
INFO: ContextListener: attributeAdded('org.apache.jasper.compiler.TldLocationsCache', 'org.apache.jasper.compiler.TldLocationsCache@36f51678')
May 01, 2018 3:41:33 PM org.apache.catalina.core.ApplicationContext log
INFO: SessionListener: contextDestroyed()
May 01, 2018 3:41:33 PM org.apache.catalina.core.ApplicationContext log
INFO: ContextListener: contextDestroyed()
May 01, 2018 3:50:39 PM org.apache.catalina.core.ApplicationContext log
INFO: SessionListener: contextDestroyed()
May 01, 2018 3:50:39 PM org.apache.catalina.core.ApplicationContext log
INFO: ContextListener: contextDestroyed()
May 01, 2018 6:52:14 PM org.apache.catalina.core.ApplicationContext log
INFO: ContextListener: contextInitialized()
May 01, 2018 6:52:14 PM org.apache.catalina.core.ApplicationContext log
INFO: SessionListener: contextInitialized()
May 01, 2018 6:52:14 PM org.apache.catalina.core.ApplicationContext log
INFO: ContextListener: attributeAdded('StockTicker', 'async.Stockticker@227bc2ee')
May 01, 2018 6:52:14 PM org.apache.catalina.core.ApplicationContext log
INFO: ContextListener: attributeAdded('org.apache.jasper.compiler.TldLocationsCache', 'org.apache.jasper.compiler.TldLocationsCache@51ed1cbc')
May 01, 2018 6:55:46 PM org.apache.catalina.core.ApplicationContext log
INFO: SessionListener: contextDestroyed()
May 01, 2018 6:55:46 PM org.apache.catalina.core.ApplicationContext log
INFO: ContextListener: contextDestroyed()
May 01, 2018 7:00:06 PM org.apache.catalina.core.ApplicationContext log
INFO: No Spring WebApplicationInitializer types detected on classpath
May 01, 2018 7:00:06 PM org.apache.catalina.core.ApplicationContext log
INFO: Initializing Spring root WebApplicationContext
May 01, 2018 7:00:07 PM org.apache.catalina.core.StandardContext listenerStart
SEVERE: Exception sending context initialized event to listener instance of class org.springframework.web.context.ContextLoaderListener
org.springframework.beans.factory.CannotLoadBeanClassException: Error loading class [com.lly.front.Dao.CRUDByXmlMapper] for bean with name 'CRUDByXmlMapper' defined in file [/root/apache-tomcat-7.0.86/webapps/MakeYouListen/WEB-INF/classes/com/lly/front/Dao/CRUDByXmlMapper.class]: problem with class file or dependent class; nested exception is java.lang.UnsupportedClassVersionError: com/lly/front/Dao/CRUDByXmlMapper has been compiled by a more recent version of the Java Runtime (class file version 53.0), this version of the Java Runtime only recognizes class file versions up to 52.0 (unable to load class com.lly.front.Dao.CRUDByXmlMapper)
	at org.springframework.beans.factory.support.AbstractBeanFactory.resolveBeanClass(AbstractBeanFactory.java:1380)
	at org.springframework.beans.factory.support.AbstractAutowireCapableBeanFactory.determineTargetType(AbstractAutowireCapableBeanFactory.java:640)
	at org.springframework.beans.factory.support.AbstractAutowireCapableBeanFactory.predictBeanType(AbstractAutowireCapableBeanFactory.java:608)
	at org.springframework.beans.factory.support.AbstractBeanFactory.isFactoryBean(AbstractBeanFactory.java:1476)
	at org.springframework.beans.factory.support.AbstractBeanFactory.isFactoryBean(AbstractBeanFactory.java:999)
	at org.springframework.beans.factory.support.DefaultListableBeanFactory.preInstantiateSingletons(DefaultListableBeanFactory.java:739)
	at org.springframework.context.support.AbstractApplicationContext.finishBeanFactoryInitialization(AbstractApplicationContext.java:866)
	at org.springframework.context.support.AbstractApplicationContext.refresh(AbstractApplicationContext.java:542)
	at org.springframework.web.context.ContextLoader.configureAndRefreshWebApplicationContext(ContextLoader.java:444)
	at org.springframework.web.context.ContextLoader.initWebApplicationContext(ContextLoader.java:326)
	at org.springframework.web.context.ContextLoaderListener.contextInitialized(ContextLoaderListener.java:107)
	at org.apache.catalina.core.StandardContext.listenerStart(StandardContext.java:5141)
	at org.apache.catalina.core.StandardContext.startInternal(StandardContext.java:5664)
	at org.apache.catalina.util.LifecycleBase.start(LifecycleBase.java:145)
	at org.apache.catalina.core.ContainerBase$StartChild.call(ContainerBase.java:1702)
	at org.apache.catalina.core.ContainerBase$StartChild.call(ContainerBase.java:1692)
	at java.util.concurrent.FutureTask.run(FutureTask.java:266)
	at java.util.concurrent.ThreadPoolExecutor.runWorker(ThreadPoolExecutor.java:1149)
	at java.util.concurrent.ThreadPoolExecutor$Worker.run(ThreadPoolExecutor.java:624)
	at java.lang.Thread.run(Thread.java:748)
Caused by: java.lang.UnsupportedClassVersionError: com/lly/front/Dao/CRUDByXmlMapper has been compiled by a more recent version of the Java Runtime (class file version 53.0), this version of the Java Runtime only recognizes class file versions up to 52.0 (unable to load class com.lly.front.Dao.CRUDByXmlMapper)
	at org.apache.catalina.loader.WebappClassLoaderBase.findClassInternal(WebappClassLoaderBase.java:3226)
	at org.apache.catalina.loader.WebappClassLoaderBase.findClass(WebappClassLoaderBase.java:1409)
	at org.apache.catalina.loader.WebappClassLoaderBase.loadClass(WebappClassLoaderBase.java:1897)
	at org.apache.catalina.loader.WebappClassLoaderBase.loadClass(WebappClassLoaderBase.java:1771)
	at org.springframework.util.ClassUtils.forName(ClassUtils.java:250)
	at org.springframework.beans.factory.support.AbstractBeanDefinition.resolveBeanClass(AbstractBeanDefinition.java:394)
	at org.springframework.beans.factory.support.AbstractBeanFactory.doResolveBeanClass(AbstractBeanFactory.java:1424)
	at org.springframework.beans.factory.support.AbstractBeanFactory.resolveBeanClass(AbstractBeanFactory.java:1369)
	... 19 more

May 01, 2018 7:00:07 PM org.apache.catalina.core.ApplicationContext log
INFO: Closing Spring root WebApplicationContext
May 01, 2018 7:00:08 PM org.apache.catalina.core.ApplicationContext log
INFO: ContextListener: contextInitialized()
May 01, 2018 7:00:08 PM org.apache.catalina.core.ApplicationContext log
INFO: SessionListener: contextInitialized()
May 01, 2018 7:00:08 PM org.apache.catalina.core.ApplicationContext log
INFO: ContextListener: attributeAdded('StockTicker', 'async.Stockticker@4c203c28')
May 01, 2018 7:00:08 PM org.apache.catalina.core.ApplicationContext log
INFO: ContextListener: attributeAdded('org.apache.jasper.compiler.TldLocationsCache', 'org.apache.jasper.compiler.TldLocationsCache@7f9dffe7')
May 01, 2018 7:03:01 PM org.apache.catalina.core.ApplicationContext log
INFO: SessionListener: contextDestroyed()
May 01, 2018 7:03:01 PM org.apache.catalina.core.ApplicationContext log
INFO: ContextListener: contextDestroyed()
May 01, 2018 7:03:11 PM org.apache.catalina.core.ApplicationContext log
INFO: No Spring WebApplicationInitializer types detected on classpath
May 01, 2018 7:03:11 PM org.apache.catalina.core.ApplicationContext log
INFO: Initializing Spring root WebApplicationContext
May 01, 2018 7:03:12 PM org.apache.catalina.core.StandardContext listenerStart
SEVERE: Exception sending context initialized event to listener instance of class org.springframework.web.context.ContextLoaderListener
org.springframework.beans.factory.CannotLoadBeanClassException: Error loading class [com.lly.front.Dao.CRUDByXmlMapper] for bean with name 'CRUDByXmlMapper' defined in file [/root/apache-tomcat-7.0.86/webapps/MakeYouListen/WEB-INF/classes/com/lly/front/Dao/CRUDByXmlMapper.class]: problem with class file or dependent class; nested exception is java.lang.UnsupportedClassVersionError: com/lly/front/Dao/CRUDByXmlMapper has been compiled by a more recent version of the Java Runtime (class file version 53.0), this version of the Java Runtime only recognizes class file versions up to 52.0 (unable to load class com.lly.front.Dao.CRUDByXmlMapper)
	at org.springframework.beans.factory.support.AbstractBeanFactory.resolveBeanClass(AbstractBeanFactory.java:1380)
	at org.springframework.beans.factory.support.AbstractAutowireCapableBeanFactory.determineTargetType(AbstractAutowireCapableBeanFactory.java:640)
	at org.springframework.beans.factory.support.AbstractAutowireCapableBeanFactory.predictBeanType(AbstractAutowireCapableBeanFactory.java:608)
	at org.springframework.beans.factory.support.AbstractBeanFactory.isFactoryBean(AbstractBeanFactory.java:1476)
	at org.springframework.beans.factory.support.AbstractBeanFactory.isFactoryBean(AbstractBeanFactory.java:999)
	at org.springframework.beans.factory.support.DefaultListableBeanFactory.preInstantiateSingletons(DefaultListableBeanFactory.java:739)
	at org.springframework.context.support.AbstractApplicationContext.finishBeanFactoryInitialization(AbstractApplicationContext.java:866)
	at org.springframework.context.support.AbstractApplicationContext.refresh(AbstractApplicationContext.java:542)
	at org.springframework.web.context.ContextLoader.configureAndRefreshWebApplicationContext(ContextLoader.java:444)
	at org.springframework.web.context.ContextLoader.initWebApplicationContext(ContextLoader.java:326)
	at org.springframework.web.context.ContextLoaderListener.contextInitialized(ContextLoaderListener.java:107)
	at org.apache.catalina.core.StandardContext.listenerStart(StandardContext.java:5141)
	at org.apache.catalina.core.StandardContext.startInternal(StandardContext.java:5664)
	at org.apache.catalina.util.LifecycleBase.start(LifecycleBase.java:145)
	at org.apache.catalina.core.ContainerBase$StartChild.call(ContainerBase.java:1702)
	at org.apache.catalina.core.ContainerBase$StartChild.call(ContainerBase.java:1692)
	at java.util.concurrent.FutureTask.run(FutureTask.java:266)
	at java.util.concurrent.ThreadPoolExecutor.runWorker(ThreadPoolExecutor.java:1149)
	at java.util.concurrent.ThreadPoolExecutor$Worker.run(ThreadPoolExecutor.java:624)
	at java.lang.Thread.run(Thread.java:748)
Caused by: java.lang.UnsupportedClassVersionError: com/lly/front/Dao/CRUDByXmlMapper has been compiled by a more recent version of the Java Runtime (class file version 53.0), this version of the Java Runtime only recognizes class file versions up to 52.0 (unable to load class com.lly.front.Dao.CRUDByXmlMapper)
	at org.apache.catalina.loader.WebappClassLoaderBase.findClassInternal(WebappClassLoaderBase.java:3226)
	at org.apache.catalina.loader.WebappClassLoaderBase.findClass(WebappClassLoaderBase.java:1409)
	at org.apache.catalina.loader.WebappClassLoaderBase.loadClass(WebappClassLoaderBase.java:1897)
	at org.apache.catalina.loader.WebappClassLoaderBase.loadClass(WebappClassLoaderBase.java:1771)
	at org.springframework.util.ClassUtils.forName(ClassUtils.java:250)
	at org.springframework.beans.factory.support.AbstractBeanDefinition.resolveBeanClass(AbstractBeanDefinition.java:394)
	at org.springframework.beans.factory.support.AbstractBeanFactory.doResolveBeanClass(AbstractBeanFactory.java:1424)
	at org.springframework.beans.factory.support.AbstractBeanFactory.resolveBeanClass(AbstractBeanFactory.java:1369)
	... 19 more

May 01, 2018 7:03:12 PM org.apache.catalina.core.ApplicationContext log
INFO: Closing Spring root WebApplicationContext
May 01, 2018 7:03:13 PM org.apache.catalina.core.ApplicationContext log
INFO: ContextListener: contextInitialized()
May 01, 2018 7:03:13 PM org.apache.catalina.core.ApplicationContext log
INFO: SessionListener: contextInitialized()
May 01, 2018 7:03:13 PM org.apache.catalina.core.ApplicationContext log
INFO: ContextListener: attributeAdded('StockTicker', 'async.Stockticker@66371f9a')
May 01, 2018 7:03:13 PM org.apache.catalina.core.ApplicationContext log
INFO: ContextListener: attributeAdded('org.apache.jasper.compiler.TldLocationsCache', 'org.apache.jasper.compiler.TldLocationsCache@d198b88')
May 01, 2018 7:08:32 PM org.apache.catalina.core.ApplicationContext log
INFO: SessionListener: contextDestroyed()
May 01, 2018 7:08:32 PM org.apache.catalina.core.ApplicationContext log
INFO: ContextListener: contextDestroyed()
May 01, 2018 7:08:40 PM org.apache.catalina.core.ApplicationContext log
INFO: No Spring WebApplicationInitializer types detected on classpath
May 01, 2018 7:08:40 PM org.apache.catalina.core.ApplicationContext log
INFO: Initializing Spring root WebApplicationContext
May 01, 2018 7:08:41 PM org.apache.catalina.core.StandardContext listenerStart
SEVERE: Exception sending context initialized event to listener instance of class org.springframework.web.context.ContextLoaderListener
org.springframework.beans.factory.CannotLoadBeanClassException: Error loading class [com.lly.front.Dao.CRUDByXmlMapper] for bean with name 'CRUDByXmlMapper' defined in file [/root/apache-tomcat-7.0.86/webapps/MakeYouListen/WEB-INF/classes/com/lly/front/Dao/CRUDByXmlMapper.class]: problem with class file or dependent class; nested exception is java.lang.UnsupportedClassVersionError: com/lly/front/Dao/CRUDByXmlMapper has been compiled by a more recent version of the Java Runtime (class file version 53.0), this version of the Java Runtime only recognizes class file versions up to 52.0 (unable to load class com.lly.front.Dao.CRUDByXmlMapper)
	at org.springframework.beans.factory.support.AbstractBeanFactory.resolveBeanClass(AbstractBeanFactory.java:1380)
	at org.springframework.beans.factory.support.AbstractAutowireCapableBeanFactory.determineTargetType(AbstractAutowireCapableBeanFactory.java:640)
	at org.springframework.beans.factory.support.AbstractAutowireCapableBeanFactory.predictBeanType(AbstractAutowireCapableBeanFactory.java:608)
	at org.springframework.beans.factory.support.AbstractBeanFactory.isFactoryBean(AbstractBeanFactory.java:1476)
	at org.springframework.beans.factory.support.AbstractBeanFactory.isFactoryBean(AbstractBeanFactory.java:999)
	at org.springframework.beans.factory.support.DefaultListableBeanFactory.preInstantiateSingletons(DefaultListableBeanFactory.java:739)
	at org.springframework.context.support.AbstractApplicationContext.finishBeanFactoryInitialization(AbstractApplicationContext.java:866)
	at org.springframework.context.support.AbstractApplicationContext.refresh(AbstractApplicationContext.java:542)
	at org.springframework.web.context.ContextLoader.configureAndRefreshWebApplicationContext(ContextLoader.java:444)
	at org.springframework.web.context.ContextLoader.initWebApplicationContext(ContextLoader.java:326)
	at org.springframework.web.context.ContextLoaderListener.contextInitialized(ContextLoaderListener.java:107)
	at org.apache.catalina.core.StandardContext.listenerStart(StandardContext.java:5141)
	at org.apache.catalina.core.StandardContext.startInternal(StandardContext.java:5664)
	at org.apache.catalina.util.LifecycleBase.start(LifecycleBase.java:145)
	at org.apache.catalina.core.ContainerBase$StartChild.call(ContainerBase.java:1702)
	at org.apache.catalina.core.ContainerBase$StartChild.call(ContainerBase.java:1692)
	at java.util.concurrent.FutureTask.run(FutureTask.java:266)
	at java.util.concurrent.ThreadPoolExecutor.runWorker(ThreadPoolExecutor.java:1149)
	at java.util.concurrent.ThreadPoolExecutor$Worker.run(ThreadPoolExecutor.java:624)
	at java.lang.Thread.run(Thread.java:748)
Caused by: java.lang.UnsupportedClassVersionError: com/lly/front/Dao/CRUDByXmlMapper has been compiled by a more recent version of the Java Runtime (class file version 53.0), this version of the Java Runtime only recognizes class file versions up to 52.0 (unable to load class com.lly.front.Dao.CRUDByXmlMapper)
	at org.apache.catalina.loader.WebappClassLoaderBase.findClassInternal(WebappClassLoaderBase.java:3226)
	at org.apache.catalina.loader.WebappClassLoaderBase.findClass(WebappClassLoaderBase.java:1409)
	at org.apache.catalina.loader.WebappClassLoaderBase.loadClass(WebappClassLoaderBase.java:1897)
	at org.apache.catalina.loader.WebappClassLoaderBase.loadClass(WebappClassLoaderBase.java:1771)
	at org.springframework.util.ClassUtils.forName(ClassUtils.java:250)
	at org.springframework.beans.factory.support.AbstractBeanDefinition.resolveBeanClass(AbstractBeanDefinition.java:394)
	at org.springframework.beans.factory.support.AbstractBeanFactory.doResolveBeanClass(AbstractBeanFactory.java:1424)
	at org.springframework.beans.factory.support.AbstractBeanFactory.resolveBeanClass(AbstractBeanFactory.java:1369)
	... 19 more

May 01, 2018 7:10:27 PM org.apache.catalina.core.ApplicationContext log
INFO: Closing Spring root WebApplicationContext
May 01, 2018 7:10:28 PM org.apache.catalina.core.ApplicationContext log
INFO: ContextListener: contextInitialized()
May 01, 2018 7:10:28 PM org.apache.catalina.core.ApplicationContext log
INFO: SessionListener: contextInitialized()
May 01, 2018 7:10:28 PM org.apache.catalina.core.ApplicationContext log
INFO: ContextListener: attributeAdded('StockTicker', 'async.Stockticker@42b90a3')
May 01, 2018 7:10:28 PM org.apache.catalina.core.ApplicationContext log
INFO: ContextListener: attributeAdded('org.apache.jasper.compiler.TldLocationsCache', 'org.apache.jasper.compiler.TldLocationsCache@746b31e1')
May 01, 2018 7:11:21 PM org.apache.catalina.core.ApplicationContext log
INFO: SessionListener: contextDestroyed()
May 01, 2018 7:11:21 PM org.apache.catalina.core.ApplicationContext log
INFO: ContextListener: contextDestroyed()
May 01, 2018 7:27:51 PM org.apache.catalina.core.ApplicationContext log
INFO: No Spring WebApplicationInitializer types detected on classpath
May 01, 2018 7:27:51 PM org.apache.catalina.core.ApplicationContext log
INFO: Initializing Spring root WebApplicationContext
May 01, 2018 7:27:52 PM org.apache.catalina.core.StandardContext listenerStart
SEVERE: Exception sending context initialized event to listener instance of class org.springframework.web.context.ContextLoaderListener
org.springframework.beans.factory.CannotLoadBeanClassException: Error loading class [com.lly.front.Dao.CRUDByXmlMapper] for bean with name 'CRUDByXmlMapper' defined in file [/root/apache-tomcat-7.0.86/webapps/MakeYouListen/WEB-INF/classes/com/lly/front/Dao/CRUDByXmlMapper.class]: problem with class file or dependent class; nested exception is java.lang.UnsupportedClassVersionError: com/lly/front/Dao/CRUDByXmlMapper has been compiled by a more recent version of the Java Runtime (class file version 53.0), this version of the Java Runtime only recognizes class file versions up to 52.0 (unable to load class com.lly.front.Dao.CRUDByXmlMapper)
	at org.springframework.beans.factory.support.AbstractBeanFactory.resolveBeanClass(AbstractBeanFactory.java:1380)
	at org.springframework.beans.factory.support.AbstractAutowireCapableBeanFactory.determineTargetType(AbstractAutowireCapableBeanFactory.java:640)
	at org.springframework.beans.factory.support.AbstractAutowireCapableBeanFactory.predictBeanType(AbstractAutowireCapableBeanFactory.java:608)
	at org.springframework.beans.factory.support.AbstractBeanFactory.isFactoryBean(AbstractBeanFactory.java:1476)
	at org.springframework.beans.factory.support.AbstractBeanFactory.isFactoryBean(AbstractBeanFactory.java:999)
	at org.springframework.beans.factory.support.DefaultListableBeanFactory.preInstantiateSingletons(DefaultListableBeanFactory.java:739)
	at org.springframework.context.support.AbstractApplicationContext.finishBeanFactoryInitialization(AbstractApplicationContext.java:866)
	at org.springframework.context.support.AbstractApplicationContext.refresh(AbstractApplicationContext.java:542)
	at org.springframework.web.context.ContextLoader.configureAndRefreshWebApplicationContext(ContextLoader.java:444)
	at org.springframework.web.context.ContextLoader.initWebApplicationContext(ContextLoader.java:326)
	at org.springframework.web.context.ContextLoaderListener.contextInitialized(ContextLoaderListener.java:107)
	at org.apache.catalina.core.StandardContext.listenerStart(StandardContext.java:5141)
	at org.apache.catalina.core.StandardContext.startInternal(StandardContext.java:5664)
	at org.apache.catalina.util.LifecycleBase.start(LifecycleBase.java:145)
	at org.apache.catalina.core.ContainerBase$StartChild.call(ContainerBase.java:1702)
	at org.apache.catalina.core.ContainerBase$StartChild.call(ContainerBase.java:1692)
	at java.util.concurrent.FutureTask.run(FutureTask.java:266)
	at java.util.concurrent.ThreadPoolExecutor.runWorker(ThreadPoolExecutor.java:1149)
	at java.util.concurrent.ThreadPoolExecutor$Worker.run(ThreadPoolExecutor.java:624)
	at java.lang.Thread.run(Thread.java:748)
Caused by: java.lang.UnsupportedClassVersionError: com/lly/front/Dao/CRUDByXmlMapper has been compiled by a more recent version of the Java Runtime (class file version 53.0), this version of the Java Runtime only recognizes class file versions up to 52.0 (unable to load class com.lly.front.Dao.CRUDByXmlMapper)
	at org.apache.catalina.loader.WebappClassLoaderBase.findClassInternal(WebappClassLoaderBase.java:3226)
	at org.apache.catalina.loader.WebappClassLoaderBase.findClass(WebappClassLoaderBase.java:1409)
	at org.apache.catalina.loader.WebappClassLoaderBase.loadClass(WebappClassLoaderBase.java:1897)
	at org.apache.catalina.loader.WebappClassLoaderBase.loadClass(WebappClassLoaderBase.java:1771)
	at org.springframework.util.ClassUtils.forName(ClassUtils.java:250)
	at org.springframework.beans.factory.support.AbstractBeanDefinition.resolveBeanClass(AbstractBeanDefinition.java:394)
	at org.springframework.beans.factory.support.AbstractBeanFactory.doResolveBeanClass(AbstractBeanFactory.java:1424)
	at org.springframework.beans.factory.support.AbstractBeanFactory.resolveBeanClass(AbstractBeanFactory.java:1369)
	... 19 more

May 01, 2018 7:27:52 PM org.apache.catalina.core.ApplicationContext log
INFO: Closing Spring root WebApplicationContext
May 01, 2018 7:27:53 PM org.apache.catalina.core.ApplicationContext log
INFO: ContextListener: contextInitialized()
May 01, 2018 7:27:53 PM org.apache.catalina.core.ApplicationContext log
INFO: SessionListener: contextInitialized()
May 01, 2018 7:27:53 PM org.apache.catalina.core.ApplicationContext log
INFO: ContextListener: attributeAdded('StockTicker', 'async.Stockticker@18d7dc8d')
May 01, 2018 7:27:53 PM org.apache.catalina.core.ApplicationContext log
INFO: ContextListener: attributeAdded('org.apache.jasper.compiler.TldLocationsCache', 'org.apache.jasper.compiler.TldLocationsCache@1069c61')
May 01, 2018 7:49:22 PM org.apache.catalina.core.ApplicationContext log
INFO: SessionListener: contextDestroyed()
May 01, 2018 7:49:22 PM org.apache.catalina.core.ApplicationContext log
INFO: ContextListener: contextDestroyed()
